Arguments: 
  C:\Program Files\nodejs\node.exe C:\Users\S\AppData\Roaming\npm\node_modules\yarn\bin\yarn.js install

PATH: 
  C:\Program Files (x86)\Common Files\Intel\Shared Libraries\redist\intel64\compiler;C:\Python310\Scripts\;C:\Python310\;C:\WINDOWS\system32;C:\WINDOWS;C:\WINDOWS\System32\Wbem;C:\WINDOWS\System32\WindowsPowerShell\v1.0\;C:\WINDOWS\System32\OpenSSH\;C:\Program Files\Git\cmd;C:\ProgramData\chocolatey\bin;C:\Program Files\nodejs\;C:\Program Files (x86)\PowerShell\7\;C:\Program Files\PowerShell\7\;C:\Users\S\AppData\Local\Microsoft\WindowsApps;C:\Users\S\AppData\Local\Programs\Microsoft VS Code\bin;C:\Users\S\.deno\bin;C:\Program Files\JetBrains\WebStorm 2020.2.3\bin;;C:\Users\S\AppData\Local\GitHubDesktop\bin;C:\Users\S\AppData\Roaming\npm

Yarn version: 
  1.22.17

Node version: 
  16.13.0

Platform: 
  win32 x64

Trace: 
  Error: https://registry.yarnpkg.com/ttni-web: Not found
      at Request.params.callback [as _callback] (C:\Users\S\AppData\Roaming\npm\node_modules\yarn\lib\cli.js:67029:18)
      at Request.self.callback (C:\Users\S\AppData\Roaming\npm\node_modules\yarn\lib\cli.js:140883:22)
      at Request.emit (node:events:390:28)
      at Request.<anonymous> (C:\Users\S\AppData\Roaming\npm\node_modules\yarn\lib\cli.js:141855:10)
      at Request.emit (node:events:390:28)
      at IncomingMessage.<anonymous> (C:\Users\S\AppData\Roaming\npm\node_modules\yarn\lib\cli.js:141777:12)
      at Object.onceWrapper (node:events:509:28)
      at IncomingMessage.emit (node:events:402:35)
      at endReadableNT (node:internal/streams/readable:1343:12)
      at processTicksAndRejections (node:internal/process/task_queues:83:21)

npm manifest: 
  {
    "name": "sample-ttni",
    "version": "1.0.5",
    "description": "sample ttni for web (es2015)",
    "main": "./index.js",
    "type": "module",
    "scripts": {
      "build": "tsc",
      "serve": "yarn run live-server"
    },
    "author": "",
    "license": "ISC",
    "dependencies": {
      "ttni": "^1.0.5",
      "ttni-web": "^1.0.5"
    },
    "devDependencies": {
      "live-server": "^1.2.2"
    }
  }

yarn manifest: 
  No manifest

Lockfile: 
  No lockfile
